[
  {
    "level": "INFO",
    "message": "android.ndkVersion from module build.gradle is [not set]",
    "diagnosticCode": "UNKNOWN"
  },
  {
    "level": "INFO",
    "message": "android.ndkPath from module build.gradle is not set",
    "diagnosticCode": "UNKNOWN"
  },
  {
    "level": "INFO",
    "message": "ndk.dir in local.properties is /Users/edy/Android/sdk/ndk",
    "diagnosticCode": "UNKNOWN"
  },
  {
    "level": "INFO",
    "message": "Not considering ANDROID_NDK_HOME because support was removed after deprecation period.",
    "diagnosticCode": "UNKNOWN"
  },
  {
    "level": "INFO",
    "message": "sdkFolder is /Users/edy/Android/sdk",
    "diagnosticCode": "UNKNOWN"
  },
  {
    "level": "INFO",
    "message": "Because no explicit NDK was requested, the default version [21.4.7075529] for this Android Gradle Plugin will be used",
    "diagnosticCode": "UNKNOWN"
  },
  {
    "level": "ERROR",
    "message": "NDK at /Users/edy/Android/sdk/ndk did not have a source.properties file",
    "diagnosticCode": "UNKNOWN"
  },
  {
    "level": "INFO",
    "message": "Folder /Users/edy/Android/sdk/ndk does not exist. Ignoring.",
    "diagnosticCode": "UNKNOWN"
  },
  {
    "level": "ERROR",
    "message": "Location specified by ndk.dir (/Users/edy/Android/sdk/ndk) did not contain a valid NDK and couldn\u0027t be used",
    "diagnosticCode": "UNKNOWN"
  }
]